2025-12-15 22:30:11,968 - INFO - ============================================================
2025-12-15 22:30:11,969 - INFO - Starting World Bank Economic Indicators ETL Pipeline
2025-12-15 22:30:11,969 - INFO - ============================================================
2025-12-15 22:30:11,969 - INFO - STEP 1: EXTRACT
2025-12-15 22:30:11,970 - INFO - Starting extraction for 7 countries and 8 indicators
2025-12-15 22:30:11,970 - INFO - [1/56] Extracting India - GDP (current US$)
2025-12-15 22:30:18,481 - INFO - [2/56] Extracting India - GDP per capita (current US$)
2025-12-15 22:30:24,812 - INFO - [3/56] Extracting India - GDP growth (annual %)
2025-12-15 22:30:28,056 - INFO - [4/56] Extracting India - Population, total
2025-12-15 22:30:33,030 - INFO - [5/56] Extracting India - Inflation, consumer prices (annual %)
2025-12-15 22:30:40,565 - INFO - [6/56] Extracting India - Unemployment, total (% of labor force)
2025-12-15 22:30:51,477 - ERROR - Error fetching IND/SL.UEM.TOTL.ZS: HTTPSConnectionPool(host='api.worldbank.org', port=443): Read timed out. (read timeout=10)
2025-12-15 22:30:51,979 - INFO - [7/56] Extracting India - Exports of goods and services (% of GDP)
2025-12-15 22:31:00,176 - INFO - [8/56] Extracting India - Imports of goods and services (% of GDP)
2025-12-15 22:31:04,597 - INFO - [9/56] Extracting United States - GDP (current US$)
2025-12-15 22:31:07,278 - INFO - [10/56] Extracting United States - GDP per capita (current US$)
2025-12-15 22:31:10,487 - INFO - [11/56] Extracting United States - GDP growth (annual %)
2025-12-15 22:31:16,145 - INFO - [12/56] Extracting United States - Population, total
2025-12-15 22:31:20,492 - INFO - [13/56] Extracting United States - Inflation, consumer prices (annual %)
2025-12-15 22:31:25,839 - INFO - [14/56] Extracting United States - Unemployment, total (% of labor force)
2025-12-15 22:31:30,497 - INFO - [15/56] Extracting United States - Exports of goods and services (% of GDP)
2025-12-15 22:31:34,621 - INFO - [16/56] Extracting United States - Imports of goods and services (% of GDP)
2025-12-15 22:31:39,312 - INFO - [17/56] Extracting China - GDP (current US$)
2025-12-15 22:31:42,328 - INFO - [18/56] Extracting China - GDP per capita (current US$)
2025-12-15 22:31:44,375 - INFO - [19/56] Extracting China - GDP growth (annual %)
2025-12-15 22:31:46,355 - INFO - [20/56] Extracting China - Population, total
2025-12-15 22:31:57,630 - ERROR - Error fetching CHN/SP.POP.TOTL: HTTPSConnectionPool(host='api.worldbank.org', port=443): Read timed out. (read timeout=10)
2025-12-15 22:31:58,132 - INFO - [21/56] Extracting China - Inflation, consumer prices (annual %)
2025-12-15 22:32:09,266 - ERROR - Error fetching CHN/FP.CPI.TOTL.ZG: HTTPSConnectionPool(host='api.worldbank.org', port=443): Read timed out. (read timeout=10)
2025-12-15 22:32:09,768 - INFO - [22/56] Extracting China - Unemployment, total (% of labor force)
2025-12-15 22:32:19,289 - INFO - [23/56] Extracting China - Exports of goods and services (% of GDP)
2025-12-15 22:32:30,104 - ERROR - Error fetching CHN/NE.EXP.GNFS.ZS: HTTPSConnectionPool(host='api.worldbank.org', port=443): Read timed out. (read timeout=10)
2025-12-15 22:32:30,606 - INFO - [24/56] Extracting China - Imports of goods and services (% of GDP)
2025-12-15 22:32:41,564 - ERROR - Error fetching CHN/NE.IMP.GNFS.ZS: HTTPSConnectionPool(host='api.worldbank.org', port=443): Read timed out. (read timeout=10)
2025-12-15 22:32:42,065 - INFO - [25/56] Extracting United Kingdom - GDP (current US$)
2025-12-15 22:32:53,005 - ERROR - Error fetching GBR/NY.GDP.MKTP.CD: HTTPSConnectionPool(host='api.worldbank.org', port=443): Read timed out. (read timeout=10)
2025-12-15 22:32:53,507 - INFO - [26/56] Extracting United Kingdom - GDP per capita (current US$)
2025-12-15 22:33:04,435 - ERROR - Error fetching GBR/NY.GDP.PCAP.CD: HTTPSConnectionPool(host='api.worldbank.org', port=443): Read timed out. (read timeout=10)
2025-12-15 22:33:04,937 - INFO - [27/56] Extracting United Kingdom - GDP growth (annual %)
2025-12-15 22:33:15,835 - ERROR - Error fetching GBR/NY.GDP.MKTP.KD.ZG: HTTPSConnectionPool(host='api.worldbank.org', port=443): Read timed out. (read timeout=10)
2025-12-15 22:33:16,343 - INFO - [28/56] Extracting United Kingdom - Population, total
2025-12-15 22:33:27,784 - ERROR - Error fetching GBR/SP.POP.TOTL: HTTPSConnectionPool(host='api.worldbank.org', port=443): Read timed out. (read timeout=10)
2025-12-15 22:33:28,285 - INFO - [29/56] Extracting United Kingdom - Inflation, consumer prices (annual %)
2025-12-15 22:33:38,299 - ERROR - Error fetching GBR/FP.CPI.TOTL.ZG: HTTPSConnectionPool(host='api.worldbank.org', port=443): Max retries exceeded with url: /v2/country/GBR/indicator/FP.CPI.TOTL.ZG?format=json&date=2010%3A2023&per_page=500 (Caused by NewConnectionError('<urllib3.connection.HTTPSConnection object at 0x00000216C5521450>: Failed to establish a new connection: [WinError 10065] A socket operation was attempted to an unreachable host'))
2025-12-15 22:33:38,802 - INFO - [30/56] Extracting United Kingdom - Unemployment, total (% of labor force)
2025-12-15 22:33:38,810 - ERROR - Error fetching GBR/SL.UEM.TOTL.ZS: HTTPSConnectionPool(host='api.worldbank.org', port=443): Max retries exceeded with url: /v2/country/GBR/indicator/SL.UEM.TOTL.ZS?format=json&date=2010%3A2023&per_page=500 (Caused by NameResolutionError("<urllib3.connection.HTTPSConnection object at 0x00000216C5521BD0>: Failed to resolve 'api.worldbank.org' ([Errno 11001] getaddrinfo failed)"))
2025-12-15 22:33:39,312 - INFO - [31/56] Extracting United Kingdom - Exports of goods and services (% of GDP)
2025-12-15 22:33:39,322 - ERROR - Error fetching GBR/NE.EXP.GNFS.ZS: HTTPSConnectionPool(host='api.worldbank.org', port=443): Max retries exceeded with url: /v2/country/GBR/indicator/NE.EXP.GNFS.ZS?format=json&date=2010%3A2023&per_page=500 (Caused by NameResolutionError("<urllib3.connection.HTTPSConnection object at 0x00000216C5521F90>: Failed to resolve 'api.worldbank.org' ([Errno 11001] getaddrinfo failed)"))
2025-12-15 22:33:39,825 - INFO - [32/56] Extracting United Kingdom - Imports of goods and services (% of GDP)
2025-12-15 22:33:39,832 - ERROR - Error fetching GBR/NE.IMP.GNFS.ZS: HTTPSConnectionPool(host='api.worldbank.org', port=443): Max retries exceeded with url: /v2/country/GBR/indicator/NE.IMP.GNFS.ZS?format=json&date=2010%3A2023&per_page=500 (Caused by NameResolutionError("<urllib3.connection.HTTPSConnection object at 0x00000216C5522350>: Failed to resolve 'api.worldbank.org' ([Errno 11001] getaddrinfo failed)"))
2025-12-15 22:33:40,334 - INFO - [33/56] Extracting Japan - GDP (current US$)
2025-12-15 22:33:40,361 - ERROR - Error fetching JPN/NY.GDP.MKTP.CD: HTTPSConnectionPool(host='api.worldbank.org', port=443): Max retries exceeded with url: /v2/country/JPN/indicator/NY.GDP.MKTP.CD?format=json&date=2010%3A2023&per_page=500 (Caused by NameResolutionError("<urllib3.connection.HTTPSConnection object at 0x00000216C5522710>: Failed to resolve 'api.worldbank.org' ([Errno 11001] getaddrinfo failed)"))
2025-12-15 22:33:40,862 - INFO - [34/56] Extracting Japan - GDP per capita (current US$)
2025-12-15 22:33:40,865 - ERROR - Error fetching JPN/NY.GDP.PCAP.CD: HTTPSConnectionPool(host='api.worldbank.org', port=443): Max retries exceeded with url: /v2/country/JPN/indicator/NY.GDP.PCAP.CD?format=json&date=2010%3A2023&per_page=500 (Caused by NameResolutionError("<urllib3.connection.HTTPSConnection object at 0x00000216C55225D0>: Failed to resolve 'api.worldbank.org' ([Errno 11001] getaddrinfo failed)"))
2025-12-15 22:33:41,366 - INFO - [35/56] Extracting Japan - GDP growth (annual %)
2025-12-15 22:33:41,371 - ERROR - Error fetching JPN/NY.GDP.MKTP.KD.ZG: HTTPSConnectionPool(host='api.worldbank.org', port=443): Max retries exceeded with url: /v2/country/JPN/indicator/NY.GDP.MKTP.KD.ZG?format=json&date=2010%3A2023&per_page=500 (Caused by NameResolutionError("<urllib3.connection.HTTPSConnection object at 0x00000216C5522210>: Failed to resolve 'api.worldbank.org' ([Errno 11001] getaddrinfo failed)"))
2025-12-15 22:33:41,880 - INFO - [36/56] Extracting Japan - Population, total
2025-12-15 22:33:41,884 - ERROR - Error fetching JPN/SP.POP.TOTL: HTTPSConnectionPool(host='api.worldbank.org', port=443): Max retries exceeded with url: /v2/country/JPN/indicator/SP.POP.TOTL?format=json&date=2010%3A2023&per_page=500 (Caused by NameResolutionError("<urllib3.connection.HTTPSConnection object at 0x00000216C5521E50>: Failed to resolve 'api.worldbank.org' ([Errno 11001] getaddrinfo failed)"))
2025-12-15 22:33:42,391 - INFO - [37/56] Extracting Japan - Inflation, consumer prices (annual %)
2025-12-15 22:33:42,395 - ERROR - Error fetching JPN/FP.CPI.TOTL.ZG: HTTPSConnectionPool(host='api.worldbank.org', port=443): Max retries exceeded with url: /v2/country/JPN/indicator/FP.CPI.TOTL.ZG?format=json&date=2010%3A2023&per_page=500 (Caused by NameResolutionError("<urllib3.connection.HTTPSConnection object at 0x00000216C55211D0>: Failed to resolve 'api.worldbank.org' ([Errno 11001] getaddrinfo failed)"))
2025-12-15 22:33:42,897 - INFO - [38/56] Extracting Japan - Unemployment, total (% of labor force)
2025-12-15 22:33:42,904 - ERROR - Error fetching JPN/SL.UEM.TOTL.ZS: HTTPSConnectionPool(host='api.worldbank.org', port=443): Max retries exceeded with url: /v2/country/JPN/indicator/SL.UEM.TOTL.ZS?format=json&date=2010%3A2023&per_page=500 (Caused by NameResolutionError("<urllib3.connection.HTTPSConnection object at 0x00000216C5520910>: Failed to resolve 'api.worldbank.org' ([Errno 11001] getaddrinfo failed)"))
2025-12-15 22:33:43,408 - INFO - [39/56] Extracting Japan - Exports of goods and services (% of GDP)
2025-12-15 22:33:43,415 - ERROR - Error fetching JPN/NE.EXP.GNFS.ZS: HTTPSConnectionPool(host='api.worldbank.org', port=443): Max retries exceeded with url: /v2/country/JPN/indicator/NE.EXP.GNFS.ZS?format=json&date=2010%3A2023&per_page=500 (Caused by NameResolutionError("<urllib3.connection.HTTPSConnection object at 0x00000216C5520190>: Failed to resolve 'api.worldbank.org' ([Errno 11001] getaddrinfo failed)"))
2025-12-15 22:33:43,916 - INFO - [40/56] Extracting Japan - Imports of goods and services (% of GDP)
2025-12-15 22:33:43,919 - ERROR - Error fetching JPN/NE.IMP.GNFS.ZS: HTTPSConnectionPool(host='api.worldbank.org', port=443): Max retries exceeded with url: /v2/country/JPN/indicator/NE.IMP.GNFS.ZS?format=json&date=2010%3A2023&per_page=500 (Caused by NameResolutionError("<urllib3.connection.HTTPSConnection object at 0x00000216C5521A90>: Failed to resolve 'api.worldbank.org' ([Errno 11001] getaddrinfo failed)"))
2025-12-15 22:33:44,423 - INFO - [41/56] Extracting Germany - GDP (current US$)
2025-12-15 22:33:44,428 - ERROR - Error fetching DEU/NY.GDP.MKTP.CD: HTTPSConnectionPool(host='api.worldbank.org', port=443): Max retries exceeded with url: /v2/country/DEU/indicator/NY.GDP.MKTP.CD?format=json&date=2010%3A2023&per_page=500 (Caused by NameResolutionError("<urllib3.connection.HTTPSConnection object at 0x00000216C55202D0>: Failed to resolve 'api.worldbank.org' ([Errno 11001] getaddrinfo failed)"))
2025-12-15 22:33:44,929 - INFO - [42/56] Extracting Germany - GDP per capita (current US$)
2025-12-15 22:33:44,932 - ERROR - Error fetching DEU/NY.GDP.PCAP.CD: HTTPSConnectionPool(host='api.worldbank.org', port=443): Max retries exceeded with url: /v2/country/DEU/indicator/NY.GDP.PCAP.CD?format=json&date=2010%3A2023&per_page=500 (Caused by NameResolutionError("<urllib3.connection.HTTPSConnection object at 0x00000216C5520B90>: Failed to resolve 'api.worldbank.org' ([Errno 11001] getaddrinfo failed)"))
2025-12-15 22:33:45,438 - INFO - [43/56] Extracting Germany - GDP growth (annual %)
2025-12-15 22:33:45,444 - ERROR - Error fetching DEU/NY.GDP.MKTP.KD.ZG: HTTPSConnectionPool(host='api.worldbank.org', port=443): Max retries exceeded with url: /v2/country/DEU/indicator/NY.GDP.MKTP.KD.ZG?format=json&date=2010%3A2023&per_page=500 (Caused by NameResolutionError("<urllib3.connection.HTTPSConnection object at 0x00000216C5522AD0>: Failed to resolve 'api.worldbank.org' ([Errno 11001] getaddrinfo failed)"))
2025-12-15 22:33:45,946 - INFO - [44/56] Extracting Germany - Population, total
2025-12-15 22:33:45,951 - ERROR - Error fetching DEU/SP.POP.TOTL: HTTPSConnectionPool(host='api.worldbank.org', port=443): Max retries exceeded with url: /v2/country/DEU/indicator/SP.POP.TOTL?format=json&date=2010%3A2023&per_page=500 (Caused by NameResolutionError("<urllib3.connection.HTTPSConnection object at 0x00000216C5522E90>: Failed to resolve 'api.worldbank.org' ([Errno 11001] getaddrinfo failed)"))
2025-12-15 22:33:46,458 - INFO - [45/56] Extracting Germany - Inflation, consumer prices (annual %)
2025-12-15 22:33:46,462 - ERROR - Error fetching DEU/FP.CPI.TOTL.ZG: HTTPSConnectionPool(host='api.worldbank.org', port=443): Max retries exceeded with url: /v2/country/DEU/indicator/FP.CPI.TOTL.ZG?format=json&date=2010%3A2023&per_page=500 (Caused by NameResolutionError("<urllib3.connection.HTTPSConnection object at 0x00000216C5523250>: Failed to resolve 'api.worldbank.org' ([Errno 11001] getaddrinfo failed)"))
2025-12-15 22:33:46,974 - INFO - [46/56] Extracting Germany - Unemployment, total (% of labor force)
2025-12-15 22:33:46,991 - ERROR - Error fetching DEU/SL.UEM.TOTL.ZS: HTTPSConnectionPool(host='api.worldbank.org', port=443): Max retries exceeded with url: /v2/country/DEU/indicator/SL.UEM.TOTL.ZS?format=json&date=2010%3A2023&per_page=500 (Caused by NameResolutionError("<urllib3.connection.HTTPSConnection object at 0x00000216C5523610>: Failed to resolve 'api.worldbank.org' ([Errno 11001] getaddrinfo failed)"))
2025-12-15 22:33:47,520 - INFO - [47/56] Extracting Germany - Exports of goods and services (% of GDP)
2025-12-15 22:33:47,533 - ERROR - Error fetching DEU/NE.EXP.GNFS.ZS: HTTPSConnectionPool(host='api.worldbank.org', port=443): Max retries exceeded with url: /v2/country/DEU/indicator/NE.EXP.GNFS.ZS?format=json&date=2010%3A2023&per_page=500 (Caused by NameResolutionError("<urllib3.connection.HTTPSConnection object at 0x00000216C55239D0>: Failed to resolve 'api.worldbank.org' ([Errno 11001] getaddrinfo failed)"))
2025-12-15 22:33:48,035 - INFO - [48/56] Extracting Germany - Imports of goods and services (% of GDP)
2025-12-15 22:33:48,038 - ERROR - Error fetching DEU/NE.IMP.GNFS.ZS: HTTPSConnectionPool(host='api.worldbank.org', port=443): Max retries exceeded with url: /v2/country/DEU/indicator/NE.IMP.GNFS.ZS?format=json&date=2010%3A2023&per_page=500 (Caused by NameResolutionError("<urllib3.connection.HTTPSConnection object at 0x00000216C5523D90>: Failed to resolve 'api.worldbank.org' ([Errno 11001] getaddrinfo failed)"))
2025-12-15 22:33:48,539 - INFO - [49/56] Extracting Brazil - GDP (current US$)
2025-12-15 22:33:48,549 - ERROR - Error fetching BRA/NY.GDP.MKTP.CD: HTTPSConnectionPool(host='api.worldbank.org', port=443): Max retries exceeded with url: /v2/country/BRA/indicator/NY.GDP.MKTP.CD?format=json&date=2010%3A2023&per_page=500 (Caused by NameResolutionError("<urllib3.connection.HTTPSConnection object at 0x00000216C55BC190>: Failed to resolve 'api.worldbank.org' ([Errno 11001] getaddrinfo failed)"))
2025-12-15 22:33:49,050 - INFO - [50/56] Extracting Brazil - GDP per capita (current US$)
2025-12-15 22:33:49,055 - ERROR - Error fetching BRA/NY.GDP.PCAP.CD: HTTPSConnectionPool(host='api.worldbank.org', port=443): Max retries exceeded with url: /v2/country/BRA/indicator/NY.GDP.PCAP.CD?format=json&date=2010%3A2023&per_page=500 (Caused by NameResolutionError("<urllib3.connection.HTTPSConnection object at 0x00000216C5523ED0>: Failed to resolve 'api.worldbank.org' ([Errno 11001] getaddrinfo failed)"))
2025-12-15 22:33:49,556 - INFO - [51/56] Extracting Brazil - GDP growth (annual %)
2025-12-15 22:33:49,562 - ERROR - Error fetching BRA/NY.GDP.MKTP.KD.ZG: HTTPSConnectionPool(host='api.worldbank.org', port=443): Max retries exceeded with url: /v2/country/BRA/indicator/NY.GDP.MKTP.KD.ZG?format=json&date=2010%3A2023&per_page=500 (Caused by NameResolutionError("<urllib3.connection.HTTPSConnection object at 0x00000216C5523B10>: Failed to resolve 'api.worldbank.org' ([Errno 11001] getaddrinfo failed)"))
2025-12-15 22:33:50,064 - INFO - [52/56] Extracting Brazil - Population, total
2025-12-15 22:33:50,070 - ERROR - Error fetching BRA/SP.POP.TOTL: HTTPSConnectionPool(host='api.worldbank.org', port=443): Max retries exceeded with url: /v2/country/BRA/indicator/SP.POP.TOTL?format=json&date=2010%3A2023&per_page=500 (Caused by NameResolutionError("<urllib3.connection.HTTPSConnection object at 0x00000216C5523750>: Failed to resolve 'api.worldbank.org' ([Errno 11001] getaddrinfo failed)"))
2025-12-15 22:33:50,571 - INFO - [53/56] Extracting Brazil - Inflation, consumer prices (annual %)
2025-12-15 22:33:50,576 - ERROR - Error fetching BRA/FP.CPI.TOTL.ZG: HTTPSConnectionPool(host='api.worldbank.org', port=443): Max retries exceeded with url: /v2/country/BRA/indicator/FP.CPI.TOTL.ZG?format=json&date=2010%3A2023&per_page=500 (Caused by NameResolutionError("<urllib3.connection.HTTPSConnection object at 0x00000216C5523390>: Failed to resolve 'api.worldbank.org' ([Errno 11001] getaddrinfo failed)"))
2025-12-15 22:33:51,078 - INFO - [54/56] Extracting Brazil - Unemployment, total (% of labor force)
2025-12-15 22:33:51,082 - ERROR - Error fetching BRA/SL.UEM.TOTL.ZS: HTTPSConnectionPool(host='api.worldbank.org', port=443): Max retries exceeded with url: /v2/country/BRA/indicator/SL.UEM.TOTL.ZS?format=json&date=2010%3A2023&per_page=500 (Caused by NameResolutionError("<urllib3.connection.HTTPSConnection object at 0x00000216C5522FD0>: Failed to resolve 'api.worldbank.org' ([Errno 11001] getaddrinfo failed)"))
2025-12-15 22:33:51,585 - INFO - [55/56] Extracting Brazil - Exports of goods and services (% of GDP)
2025-12-15 22:33:51,591 - ERROR - Error fetching BRA/NE.EXP.GNFS.ZS: HTTPSConnectionPool(host='api.worldbank.org', port=443): Max retries exceeded with url: /v2/country/BRA/indicator/NE.EXP.GNFS.ZS?format=json&date=2010%3A2023&per_page=500 (Caused by NameResolutionError("<urllib3.connection.HTTPSConnection object at 0x00000216C5522C10>: Failed to resolve 'api.worldbank.org' ([Errno 11001] getaddrinfo failed)"))
2025-12-15 22:33:52,093 - INFO - [56/56] Extracting Brazil - Imports of goods and services (% of GDP)
2025-12-15 22:33:52,100 - ERROR - Error fetching BRA/NE.IMP.GNFS.ZS: HTTPSConnectionPool(host='api.worldbank.org', port=443): Max retries exceeded with url: /v2/country/BRA/indicator/NE.IMP.GNFS.ZS?format=json&date=2010%3A2023&per_page=500 (Caused by NameResolutionError("<urllib3.connection.HTTPSConnection object at 0x00000216C5520CD0>: Failed to resolve 'api.worldbank.org' ([Errno 11001] getaddrinfo failed)"))
2025-12-15 22:33:52,602 - INFO - Extracted 266 total records
2025-12-15 22:33:52,620 - INFO - Extracted 266 records
2025-12-15 22:33:52,621 - INFO - STEP 2: TRANSFORM
2025-12-15 22:33:52,622 - INFO - Starting transformation
2025-12-15 22:33:52,648 - INFO - Removed 0 duplicates
2025-12-15 22:33:52,682 - INFO - Transformation complete. Final records: 266
2025-12-15 22:33:52,731 - INFO - Transformed 266 records
2025-12-15 22:33:52,732 - INFO - STEP 3: LOAD
2025-12-15 22:42:07,416 - INFO - ============================================================
2025-12-15 22:42:07,417 - INFO - Starting World Bank Economic Indicators ETL Pipeline
2025-12-15 22:42:07,418 - INFO - ============================================================
2025-12-15 22:42:07,420 - INFO - STEP 1: EXTRACT
2025-12-15 22:42:07,421 - INFO - Starting extraction for 7 countries and 8 indicators
2025-12-15 22:42:07,421 - INFO - [1/56] Extracting India - GDP (current US$)
2025-12-15 22:42:09,399 - INFO - [2/56] Extracting India - GDP per capita (current US$)
2025-12-15 22:42:11,236 - INFO - [3/56] Extracting India - GDP growth (annual %)
2025-12-15 22:42:14,142 - INFO - [4/56] Extracting India - Population, total
2025-12-15 22:42:15,969 - INFO - [5/56] Extracting India - Inflation, consumer prices (annual %)
2025-12-15 22:42:17,897 - INFO - [6/56] Extracting India - Unemployment, total (% of labor force)
2025-12-15 22:42:19,736 - INFO - [7/56] Extracting India - Exports of goods and services (% of GDP)
2025-12-15 22:42:21,490 - INFO - [8/56] Extracting India - Imports of goods and services (% of GDP)
2025-12-15 22:42:23,440 - INFO - [9/56] Extracting United States - GDP (current US$)
2025-12-15 22:42:25,196 - INFO - [10/56] Extracting United States - GDP per capita (current US$)
2025-12-15 22:42:26,972 - INFO - [11/56] Extracting United States - GDP growth (annual %)
2025-12-15 22:42:28,689 - INFO - [12/56] Extracting United States - Population, total
2025-12-15 22:42:30,396 - INFO - [13/56] Extracting United States - Inflation, consumer prices (annual %)
2025-12-15 22:42:32,253 - INFO - [14/56] Extracting United States - Unemployment, total (% of labor force)
2025-12-15 22:42:33,966 - INFO - [15/56] Extracting United States - Exports of goods and services (% of GDP)
2025-12-15 22:42:35,880 - INFO - [16/56] Extracting United States - Imports of goods and services (% of GDP)
2025-12-15 22:42:37,653 - INFO - [17/56] Extracting China - GDP (current US$)
2025-12-15 22:42:40,416 - INFO - [18/56] Extracting China - GDP per capita (current US$)
2025-12-15 22:42:42,343 - INFO - [19/56] Extracting China - GDP growth (annual %)
2025-12-15 22:42:44,271 - INFO - [20/56] Extracting China - Population, total
2025-12-15 22:42:55,228 - ERROR - Error fetching CHN/SP.POP.TOTL: HTTPSConnectionPool(host='api.worldbank.org', port=443): Read timed out. (read timeout=10)
2025-12-15 22:42:55,740 - INFO - [21/56] Extracting China - Inflation, consumer prices (annual %)
2025-12-15 22:42:57,832 - INFO - [22/56] Extracting China - Unemployment, total (% of labor force)
2025-12-15 22:42:59,660 - INFO - [23/56] Extracting China - Exports of goods and services (% of GDP)
2025-12-15 22:43:10,609 - ERROR - Error fetching CHN/NE.EXP.GNFS.ZS: HTTPSConnectionPool(host='api.worldbank.org', port=443): Read timed out. (read timeout=10)
2025-12-15 22:43:11,112 - INFO - [24/56] Extracting China - Imports of goods and services (% of GDP)
2025-12-15 22:43:16,323 - INFO - [25/56] Extracting United Kingdom - GDP (current US$)
2025-12-15 22:43:20,899 - INFO - [26/56] Extracting United Kingdom - GDP per capita (current US$)
2025-12-15 22:43:25,298 - INFO - [27/56] Extracting United Kingdom - GDP growth (annual %)
2025-12-15 22:43:36,189 - ERROR - Error fetching GBR/NY.GDP.MKTP.KD.ZG: HTTPSConnectionPool(host='api.worldbank.org', port=443): Read timed out. (read timeout=10)
2025-12-15 22:43:36,699 - INFO - [28/56] Extracting United Kingdom - Population, total
2025-12-15 22:43:38,879 - INFO - [29/56] Extracting United Kingdom - Inflation, consumer prices (annual %)
2025-12-15 22:43:49,424 - INFO - [30/56] Extracting United Kingdom - Unemployment, total (% of labor force)
2025-12-15 22:44:00,341 - ERROR - Error fetching GBR/SL.UEM.TOTL.ZS: HTTPSConnectionPool(host='api.worldbank.org', port=443): Read timed out. (read timeout=10)
2025-12-15 22:44:00,844 - INFO - [31/56] Extracting United Kingdom - Exports of goods and services (% of GDP)
2025-12-15 22:44:06,247 - INFO - [32/56] Extracting United Kingdom - Imports of goods and services (% of GDP)
2025-12-15 22:44:12,653 - INFO - [33/56] Extracting Japan - GDP (current US$)
2025-12-15 22:44:23,465 - ERROR - Error fetching JPN/NY.GDP.MKTP.CD: HTTPSConnectionPool(host='api.worldbank.org', port=443): Read timed out. (read timeout=10)
2025-12-15 22:44:23,967 - INFO - [34/56] Extracting Japan - GDP per capita (current US$)
2025-12-15 22:44:34,892 - ERROR - Error fetching JPN/NY.GDP.PCAP.CD: HTTPSConnectionPool(host='api.worldbank.org', port=443): Read timed out. (read timeout=10)
2025-12-15 22:44:35,394 - INFO - [35/56] Extracting Japan - GDP growth (annual %)
2025-12-15 22:44:37,439 - INFO - [36/56] Extracting Japan - Population, total
2025-12-15 22:44:39,544 - INFO - [37/56] Extracting Japan - Inflation, consumer prices (annual %)
2025-12-15 22:44:42,289 - INFO - [38/56] Extracting Japan - Unemployment, total (% of labor force)
2025-12-15 22:44:45,120 - INFO - [39/56] Extracting Japan - Exports of goods and services (% of GDP)
2025-12-15 22:44:50,182 - INFO - [40/56] Extracting Japan - Imports of goods and services (% of GDP)
2025-12-15 22:44:52,771 - INFO - [41/56] Extracting Germany - GDP (current US$)
2025-12-15 22:44:55,922 - INFO - [42/56] Extracting Germany - GDP per capita (current US$)
2025-12-15 22:44:58,632 - INFO - [43/56] Extracting Germany - GDP growth (annual %)
2025-12-15 22:45:00,577 - INFO - [44/56] Extracting Germany - Population, total
2025-12-15 22:45:11,443 - ERROR - Error fetching DEU/SP.POP.TOTL: HTTPSConnectionPool(host='api.worldbank.org', port=443): Read timed out. (read timeout=10)
2025-12-15 22:45:11,944 - INFO - [45/56] Extracting Germany - Inflation, consumer prices (annual %)
2025-12-15 22:45:14,527 - INFO - [46/56] Extracting Germany - Unemployment, total (% of labor force)
2025-12-15 22:45:25,332 - ERROR - Error fetching DEU/SL.UEM.TOTL.ZS: HTTPSConnectionPool(host='api.worldbank.org', port=443): Read timed out. (read timeout=10)
2025-12-15 22:45:25,833 - INFO - [47/56] Extracting Germany - Exports of goods and services (% of GDP)
2025-12-15 22:45:35,826 - INFO - [48/56] Extracting Germany - Imports of goods and services (% of GDP)
2025-12-15 22:45:46,641 - ERROR - Error fetching DEU/NE.IMP.GNFS.ZS: HTTPSConnectionPool(host='api.worldbank.org', port=443): Read timed out. (read timeout=10)
2025-12-15 22:45:47,142 - INFO - [49/56] Extracting Brazil - GDP (current US$)
2025-12-15 22:45:49,393 - INFO - [50/56] Extracting Brazil - GDP per capita (current US$)
2025-12-15 22:45:51,380 - INFO - [51/56] Extracting Brazil - GDP growth (annual %)
2025-12-15 22:45:53,819 - INFO - [52/56] Extracting Brazil - Population, total
2025-12-15 22:45:57,293 - INFO - [53/56] Extracting Brazil - Inflation, consumer prices (annual %)
2025-12-15 22:46:04,372 - INFO - [54/56] Extracting Brazil - Unemployment, total (% of labor force)
2025-12-15 22:46:06,417 - INFO - [55/56] Extracting Brazil - Exports of goods and services (% of GDP)
2025-12-15 22:46:17,276 - ERROR - Error fetching BRA/NE.EXP.GNFS.ZS: HTTPSConnectionPool(host='api.worldbank.org', port=443): Read timed out. (read timeout=10)
2025-12-15 22:46:17,777 - INFO - [56/56] Extracting Brazil - Imports of goods and services (% of GDP)
2025-12-15 22:46:22,035 - INFO - Extracted 644 total records
2025-12-15 22:46:22,045 - INFO - Extracted 644 records
2025-12-15 22:46:22,046 - INFO - STEP 2: TRANSFORM
2025-12-15 22:46:22,047 - INFO - Starting transformation
2025-12-15 22:46:22,052 - INFO - Removed 0 duplicates
2025-12-15 22:46:22,073 - INFO - Transformation complete. Final records: 644
2025-12-15 22:46:22,122 - INFO - Transformed 644 records
2025-12-15 22:46:22,123 - INFO - STEP 3: LOAD
